<?xml version="1.0" encoding="UTF-8"?>
<!-- Generated by org.testng.reporters.JUnitReportReporter -->
<testsuite skipped="0" hostname="LAPTOP-RURP2HCP" name="TestClasses.TestCorrectPage" tests="1" failures="0" timestamp="2021-01-28T10:21:02 CAT" time="16.148" errors="0">
  <testcase name="TestBrowser" time="16.148" classname="TestClasses.TestCorrectPage"/>
  <system-out/>
</testsuite> <!-- TestClasses.TestCorrectPage -->
