<?xml version="1.0" encoding="UTF-8"?>
<!-- Generated by org.testng.reporters.JUnitReportReporter -->
<testsuite skipped="0" hostname="LAPTOP-RURP2HCP" name="TestClasses.TestCategory" tests="1" failures="0" timestamp="2021-01-28T10:11:21 CAT" time="25.354" errors="0">
  <testcase name="verifyCategory" time="25.354" classname="TestClasses.TestCategory"/>
  <system-out/>
</testsuite> <!-- TestClasses.TestCategory -->
